[2022-06-10 15:45:03,173] [autoreload.py:637] [autoreload:run_with_reloader] [INFO]- Watching for file changes with StatReloader
[2022-06-10 15:45:07,386] [basehttp.py:161] [basehttp:log_message] [INFO]- "GET /static/js/H-ui.admin.js HTTP/1.1" 304 0
[2022-06-10 15:45:09,793] [basehttp.py:161] [basehttp:log_message] [INFO]- "GET /weijue/unfinish/ HTTP/1.1" 200 4997
[2022-06-10 15:45:11,500] [basehttp.py:161] [basehttp:log_message] [INFO]- "GET /weijue/finish/ HTTP/1.1" 200 18451
[2022-06-10 15:45:14,539] [basehttp.py:161] [basehttp:log_message] [ERROR]- "GET /grp/unfinish/ HTTP/1.1" 500 1488
[2022-06-10 16:13:31,011] [basehttp.py:161] [basehttp:log_message] [INFO]- "GET /weijue/unfinish/ HTTP/1.1" 200 4997
[2022-06-10 16:13:32,450] [basehttp.py:161] [basehttp:log_message] [INFO]- "GET /weijue/unfinish/addtask/ HTTP/1.1" 200 7584
[2022-06-10 16:13:33,705] [basehttp.py:75] [basehttp:handle_error] [INFO]- - Broken pipe from ('127.0.0.1', 54110)

[2022-06-10 16:13:33,980] [basehttp.py:75] [basehttp:handle_error] [INFO]- - Broken pipe from ('127.0.0.1', 54117)

[2022-06-10 16:13:34,113] [basehttp.py:75] [basehttp:handle_error] [INFO]- - Broken pipe from ('127.0.0.1', 54119)

[2022-06-10 16:13:34,348] [basehttp.py:75] [basehttp:handle_error] [INFO]- - Broken pipe from ('127.0.0.1', 54121)

[2022-06-10 16:13:34,654] [basehttp.py:75] [basehttp:handle_error] [INFO]- - Broken pipe from ('127.0.0.1', 54123)

[2022-06-10 16:13:34,758] [basehttp.py:75] [basehttp:handle_error] [INFO]- - Broken pipe from ('127.0.0.1', 54125)

[2022-06-10 16:13:34,930] [basehttp.py:161] [basehttp:log_message] [INFO]- "GET /weijue/unfinish/addtask/ HTTP/1.1" 200 18012
[2022-06-10 16:13:50,676] [basehttp.py:161] [basehttp:log_message] [INFO]- "GET /weijue/upload/WJ122323586 HTTP/1.1" 200 4130
[2022-06-10 16:13:50,698] [basehttp.py:161] [basehttp:log_message] [INFO]- "GET /static/css/font-awesome.min.css HTTP/1.1" 304 0
[2022-06-10 16:13:50,710] [basehttp.py:161] [basehttp:log_message] [INFO]- "GET /static/js/locales/zh.js HTTP/1.1" 304 0
[2022-06-10 16:13:50,718] [basehttp.py:161] [basehttp:log_message] [INFO]- "GET /static/js/popper.min.js HTTP/1.1" 304 0
[2022-06-10 16:14:14,645] [basehttp.py:161] [basehttp:log_message] [INFO]- "GET /xadmin/t/wj_unfinish/ HTTP/1.1" 200 133252
[2022-06-10 16:14:14,671] [basehttp.py:161] [basehttp:log_message] [INFO]- "GET /static/xadmin/vendor/bootstrap/css/bootstrap.min.css HTTP/1.1" 304 0
[2022-06-10 16:14:14,672] [basehttp.py:161] [basehttp:log_message] [INFO]- "GET /static/xadmin/css/themes/bootstrap-xadmin.css HTTP/1.1" 304 0
[2022-06-10 16:14:14,675] [basehttp.py:161] [basehttp:log_message] [INFO]- "GET /static/xadmin/vendor/font-awesome/css/font-awesome.min.css HTTP/1.1" 304 0
[2022-06-10 16:14:14,681] [basehttp.py:161] [basehttp:log_message] [INFO]- "GET /static/xadmin/css/xadmin.main.css HTTP/1.1" 304 0
[2022-06-10 16:14:14,690] [basehttp.py:161] [basehttp:log_message] [INFO]- "GET /static/xadmin/css/xadmin.plugins.css HTTP/1.1" 304 0
[2022-06-10 16:14:14,693] [basehttp.py:161] [basehttp:log_message] [INFO]- "GET /static/xadmin/css/xadmin.responsive.css HTTP/1.1" 304 0
[2022-06-10 16:14:14,695] [basehttp.py:161] [basehttp:log_message] [INFO]- "GET /static/xadmin/css/xadmin.plugin.importexport.css HTTP/1.1" 304 0
[2022-06-10 16:14:14,710] [basehttp.py:161] [basehttp:log_message] [INFO]- "GET /static/xadmin/vendor/jquery/jquery.min.js HTTP/1.1" 304 0
[2022-06-10 16:14:14,710] [basehttp.py:161] [basehttp:log_message] [INFO]- "GET /static/xadmin/vendor/jquery-ui/jquery.ui.core.min.js HTTP/1.1" 304 0
[2022-06-10 16:14:14,721] [basehttp.py:161] [basehttp:log_message] [INFO]- "GET /static/xadmin/vendor/jquery-ui/jquery.ui.widget.min.js HTTP/1.1" 304 0
[2022-06-10 16:14:14,730] [basehttp.py:161] [basehttp:log_message] [INFO]- "GET /static/xadmin/vendor/jquery-ui/jquery.ui.mouse.min.js HTTP/1.1" 304 0
[2022-06-10 16:14:14,730] [basehttp.py:161] [basehttp:log_message] [INFO]- "GET /static/xadmin/vendor/jquery-ui/jquery.ui.sortable.min.js HTTP/1.1" 304 0
[2022-06-10 16:14:14,753] [basehttp.py:161] [basehttp:log_message] [INFO]- "GET /static/xadmin/vendor/bootstrap/js/bootstrap.min.js HTTP/1.1" 304 0
[2022-06-10 16:14:14,758] [basehttp.py:161] [basehttp:log_message] [INFO]- "GET /static/xadmin/js/xadmin.main.js HTTP/1.1" 304 0
[2022-06-10 16:14:14,767] [basehttp.py:161] [basehttp:log_message] [INFO]- "GET /static/xadmin/js/xadmin.responsive.js HTTP/1.1" 304 0
[2022-06-10 16:14:14,773] [basehttp.py:161] [basehttp:log_message] [INFO]- "GET /static/xadmin/vendor/jquery-ui/jquery.ui.effect.min.js HTTP/1.1" 304 0
[2022-06-10 16:14:14,797] [basehttp.py:161] [basehttp:log_message] [INFO]- "GET /static/xadmin/js/xadmin.plugin.themes.js HTTP/1.1" 304 0
[2022-06-10 16:14:15,023] [basehttp.py:161] [basehttp:log_message] [INFO]- "GET /xadmin/jsi18n/ HTTP/1.1" 200 9527
[2022-06-10 16:14:15,145] [basehttp.py:161] [basehttp:log_message] [INFO]- "GET /static/xadmin/vendor/bootstrap/fonts/glyphicons-halflings-regular.woff2 HTTP/1.1" 304 0
[2022-06-10 16:14:15,145] [basehttp.py:161] [basehttp:log_message] [INFO]- "GET /static/xadmin/vendor/font-awesome/fonts/fontawesome-webfont.woff2?v=4.7.0 HTTP/1.1" 304 0
[2022-06-10 16:14:18,347] [basehttp.py:161] [basehttp:log_message] [INFO]- "GET /weijue/upload/WJ122323586 HTTP/1.1" 200 4130
[2022-06-10 16:14:25,349] [basehttp.py:161] [basehttp:log_message] [INFO]- "POST /weijue/upload/WJ122323586 HTTP/1.1" 200 42
[2022-06-10 16:15:55,542] [basehttp.py:161] [basehttp:log_message] [INFO]- "GET /weijue/upload/WJ122323586 HTTP/1.1" 200 4130
[2022-06-10 16:16:01,320] [basehttp.py:161] [basehttp:log_message] [INFO]- "GET /weijue/upload/WJ122323586 HTTP/1.1" 200 4130
[2022-06-10 16:16:13,500] [basehttp.py:161] [basehttp:log_message] [INFO]- "POST /weijue/upload/WJ122323586 HTTP/1.1" 200 42
[2022-06-10 16:17:32,730] [basehttp.py:161] [basehttp:log_message] [ERROR]- "GET /grp/unfinish/ HTTP/1.1" 500 1488
[2022-06-10 16:17:50,487] [basehttp.py:161] [basehttp:log_message] [INFO]- "GET /weijue/unfinish/ HTTP/1.1" 200 17933
[2022-06-10 16:17:50,527] [basehttp.py:161] [basehttp:log_message] [INFO]- "GET /static/js/H-ui.admin.js HTTP/1.1" 304 0
[2022-06-10 16:17:55,035] [basehttp.py:161] [basehttp:log_message] [INFO]- "GET /weijue/upload/WJ122323586 HTTP/1.1" 200 4130
[2022-06-10 16:18:01,224] [basehttp.py:161] [basehttp:log_message] [INFO]- "POST /weijue/upload/WJ122323586 HTTP/1.1" 200 42
[2022-06-10 16:18:05,489] [basehttp.py:161] [basehttp:log_message] [INFO]- "GET /weijue/finish/ HTTP/1.1" 200 18451
[2022-06-10 16:18:14,885] [basehttp.py:161] [basehttp:log_message] [INFO]- "GET /xadmin/ HTTP/1.1" 200 18365
[2022-06-10 16:18:14,933] [basehttp.py:161] [basehttp:log_message] [INFO]- "GET /static/xadmin/css/xadmin.page.dashboard.css HTTP/1.1" 304 0
[2022-06-10 16:18:14,965] [basehttp.py:161] [basehttp:log_message] [INFO]- "GET /static/xadmin/js/xadmin.plugin.portal.js HTTP/1.1" 304 0
[2022-06-10 16:18:14,973] [basehttp.py:161] [basehttp:log_message] [INFO]- "GET /static/xadmin/js/xadmin.page.dashboard.js HTTP/1.1" 304 0
[2022-06-10 16:18:15,295] [basehttp.py:161] [basehttp:log_message] [INFO]- "GET /xadmin/jsi18n/ HTTP/1.1" 200 9527
[2022-06-10 16:18:35,742] [basehttp.py:161] [basehttp:log_message] [INFO]- "GET /media/t_sound_record/WJ122323586.txt HTTP/1.1" 200 523
[2022-06-10 16:18:40,123] [basehttp.py:161] [basehttp:log_message] [INFO]- "GET /weijue/unfinish/ HTTP/1.1" 200 17933
[2022-06-10 16:18:40,700] [basehttp.py:161] [basehttp:log_message] [INFO]- "GET /weijue/finish/ HTTP/1.1" 200 18451
[2022-06-10 16:18:44,297] [basehttp.py:161] [basehttp:log_message] [INFO]- "GET /xadmin/t/wj_unfinish/ HTTP/1.1" 200 133252
[2022-06-10 16:18:44,692] [basehttp.py:161] [basehttp:log_message] [INFO]- "GET /xadmin/jsi18n/ HTTP/1.1" 200 9527
[2022-06-10 16:18:46,223] [basehttp.py:161] [basehttp:log_message] [INFO]- "GET /xadmin/t/wj_finish/ HTTP/1.1" 200 76840
[2022-06-10 16:18:46,575] [basehttp.py:161] [basehttp:log_message] [INFO]- "GET /xadmin/jsi18n/ HTTP/1.1" 200 9527
[2022-06-10 16:19:10,195] [basehttp.py:161] [basehttp:log_message] [INFO]- "GET /weijue/unfinish/ HTTP/1.1" 200 17933
[2022-06-10 16:19:10,934] [basehttp.py:161] [basehttp:log_message] [INFO]- "GET /weijue/upload/WJ122323586 HTTP/1.1" 200 4130
[2022-06-10 16:19:15,185] [basehttp.py:161] [basehttp:log_message] [ERROR]- "GET /grp/unfinish/ HTTP/1.1" 500 1488
[2022-06-10 16:19:18,064] [basehttp.py:161] [basehttp:log_message] [INFO]- "GET /weijue/unfinish/ HTTP/1.1" 200 17933
[2022-06-10 16:19:26,140] [basehttp.py:161] [basehttp:log_message] [INFO]- "GET /weijue/upload/WJ122323586 HTTP/1.1" 200 4130
[2022-06-10 16:19:46,241] [basehttp.py:161] [basehttp:log_message] [INFO]- "GET /xadmin/t/wj_finish/WJ122323567/update/ HTTP/1.1" 200 30787
[2022-06-10 16:19:46,273] [basehttp.py:161] [basehttp:log_message] [INFO]- "GET /static/xadmin/vendor/select2/css/select2.min.css HTTP/1.1" 200 14966
[2022-06-10 16:19:46,273] [basehttp.py:161] [basehttp:log_message] [INFO]- "GET /static/xadmin/vendor/selectize/js/selectize.min.js HTTP/1.1" 200 45139
[2022-06-10 16:19:46,289] [basehttp.py:161] [basehttp:log_message] [INFO]- "GET /static/xadmin/vendor/select2/js/select2.min.js HTTP/1.1" 200 70357
[2022-06-10 16:19:46,644] [basehttp.py:161] [basehttp:log_message] [INFO]- "GET /xadmin/jsi18n/ HTTP/1.1" 200 9527
[2022-06-10 16:20:03,524] [basehttp.py:75] [basehttp:handle_error] [INFO]- - Broken pipe from ('127.0.0.1', 54283)

[2022-06-10 16:20:04,141] [basehttp.py:161] [basehttp:log_message] [INFO]- "GET /weijue/unfinish/ HTTP/1.1" 200 17933
[2022-06-10 16:20:04,769] [basehttp.py:75] [basehttp:handle_error] [INFO]- - Broken pipe from ('127.0.0.1', 54288)

[2022-06-10 16:20:39,683] [basehttp.py:161] [basehttp:log_message] [INFO]- "GET /weijue/finish/ HTTP/1.1" 200 18451
[2022-06-10 16:20:40,006] [basehttp.py:161] [basehttp:log_message] [INFO]- "GET /weijue/unfinish/ HTTP/1.1" 200 17933
[2022-06-10 16:20:57,479] [basehttp.py:161] [basehttp:log_message] [INFO]- "GET /weijue/finish/ HTTP/1.1" 200 18451
[2022-06-10 16:30:37,499] [basehttp.py:161] [basehttp:log_message] [INFO]- "GET /weijue/unfinish/ HTTP/1.1" 200 17933
[2022-06-10 16:30:39,725] [basehttp.py:161] [basehttp:log_message] [INFO]- "GET /weijue/finish/ HTTP/1.1" 200 14793
[2022-06-10 16:31:13,851] [basehttp.py:161] [basehttp:log_message] [INFO]- "GET / HTTP/1.1" 200 11983
[2022-06-10 16:31:13,904] [basehttp.py:161] [basehttp:log_message] [INFO]- "GET /static/css/H-ui.admin.css HTTP/1.1" 200 7241
[2022-06-10 16:31:13,913] [basehttp.py:161] [basehttp:log_message] [INFO]- "GET /static/skin/default/skin.css HTTP/1.1" 200 1346
[2022-06-10 16:31:13,919] [basehttp.py:161] [basehttp:log_message] [INFO]- "GET /static/css/H-ui.min.css HTTP/1.1" 200 174715
[2022-06-10 16:31:13,921] [basehttp.py:161] [basehttp:log_message] [INFO]- "GET /static/lib/Hui-iconfont/1.0.8/iconfont.css HTTP/1.1" 200 16591
[2022-06-10 16:31:13,923] [basehttp.py:161] [basehttp:log_message] [INFO]- "GET /static/css/style.css HTTP/1.1" 200 986
[2022-06-10 16:31:13,934] [basehttp.py:161] [basehttp:log_message] [INFO]- "GET /static/js/H-ui.admin.js HTTP/1.1" 200 8665
[2022-06-10 16:31:13,935] [basehttp.py:161] [basehttp:log_message] [INFO]- "GET /static/lib/layer/2.4/layer.js HTTP/1.1" 200 19843
[2022-06-10 16:31:13,935] [basehttp.py:161] [basehttp:log_message] [INFO]- "GET /static/lib/jquery/1.9.1/jquery.min.js HTTP/1.1" 200 92629
[2022-06-10 16:31:13,941] [basehttp.py:161] [basehttp:log_message] [INFO]- "GET /static/lib/jquery.contextmenu/jquery.contextmenu.r2.js HTTP/1.1" 200 4298
[2022-06-10 16:31:13,944] [basehttp.py:161] [basehttp:log_message] [INFO]- "GET /static/js/H-ui.min.js HTTP/1.1" 200 151664
[2022-06-10 16:31:13,969] [basehttp.py:161] [basehttp:log_message] [INFO]- "GET /static/skin/default/icon_arrow.png HTTP/1.1" 200 3287
[2022-06-10 16:31:13,970] [basehttp.py:161] [basehttp:log_message] [INFO]- "GET /static/images/acrossTab/acrossTab-2.png HTTP/1.1" 200 20175
[2022-06-10 16:31:13,984] [basehttp.py:161] [basehttp:log_message] [INFO]- "GET /static/lib/layer/2.4/skin/layer.css HTTP/1.1" 200 14042
[2022-06-10 16:31:13,985] [basehttp.py:161] [basehttp:log_message] [INFO]- "GET /static/lib/Hui-iconfont/1.0.8/iconfont.woff HTTP/1.1" 200 80688
[2022-06-10 16:31:15,727] [basehttp.py:161] [basehttp:log_message] [INFO]- "GET /static/images/acrossTab/acrossTab-close.png HTTP/1.1" 200 1541
[2022-06-10 16:31:15,733] [basehttp.py:161] [basehttp:log_message] [INFO]- "GET /weijue/unfinish HTTP/1.1" 301 0
[2022-06-10 16:31:15,737] [basehttp.py:161] [basehttp:log_message] [INFO]- "GET /static/images/loading.gif HTTP/1.1" 200 8476
[2022-06-10 16:31:16,126] [basehttp.py:161] [basehttp:log_message] [INFO]- "GET /weijue/finish HTTP/1.1" 301 0
[2022-06-10 16:31:16,209] [basehttp.py:161] [basehttp:log_message] [INFO]- "GET /weijue/unfinish/ HTTP/1.1" 200 17933
[2022-06-10 16:31:16,244] [basehttp.py:161] [basehttp:log_message] [INFO]- "GET /static/css/H-ui.admin.css HTTP/1.1" 200 7241
[2022-06-10 16:31:16,246] [basehttp.py:161] [basehttp:log_message] [INFO]- "GET /static/lib/Hui-iconfont/1.0.8/iconfont.css HTTP/1.1" 200 16591
[2022-06-10 16:31:16,247] [basehttp.py:161] [basehttp:log_message] [INFO]- "GET /static/skin/default/skin.css HTTP/1.1" 200 1346
[2022-06-10 16:31:16,261] [basehttp.py:161] [basehttp:log_message] [INFO]- "GET /static/lib/layer/2.4/layer.js HTTP/1.1" 200 19843
[2022-06-10 16:31:16,261] [basehttp.py:161] [basehttp:log_message] [INFO]- "GET /static/css/style.css HTTP/1.1" 200 986
[2022-06-10 16:31:16,262] [basehttp.py:161] [basehttp:log_message] [INFO]- "GET /static/css/H-ui.min.css HTTP/1.1" 200 174715
[2022-06-10 16:31:16,276] [basehttp.py:161] [basehttp:log_message] [INFO]- "GET /static/lib/jquery/1.9.1/jquery.min.js HTTP/1.1" 200 92629
[2022-06-10 16:31:16,277] [basehttp.py:161] [basehttp:log_message] [INFO]- "GET /static/js/H-ui.admin.js HTTP/1.1" 200 8665
[2022-06-10 16:31:16,281] [basehttp.py:161] [basehttp:log_message] [INFO]- "GET /static/lib/My97DatePicker/4.8/WdatePicker.js HTTP/1.1" 200 10179
[2022-06-10 16:31:16,288] [basehttp.py:161] [basehttp:log_message] [INFO]- "GET /static/js/H-ui.min.js HTTP/1.1" 200 151664
[2022-06-10 16:31:16,290] [basehttp.py:161] [basehttp:log_message] [INFO]- "GET /static/lib/laypage/1.2/laypage.js HTTP/1.1" 200 3672
[2022-06-10 16:31:16,318] [basehttp.py:161] [basehttp:log_message] [INFO]- "GET /static/lib/layer/2.4/skin/layer.css HTTP/1.1" 200 14042
[2022-06-10 16:31:16,332] [basehttp.py:161] [basehttp:log_message] [INFO]- "GET /static/lib/My97DatePicker/4.8/skin/WdatePicker.css HTTP/1.1" 200 144
[2022-06-10 16:31:16,694] [basehttp.py:161] [basehttp:log_message] [INFO]- "GET /weijue/finish/ HTTP/1.1" 200 14783
[2022-06-10 16:31:16,727] [basehttp.py:161] [basehttp:log_message] [INFO]- "GET /static/css/H-ui.admin.css HTTP/1.1" 200 7241
[2022-06-10 16:31:16,729] [basehttp.py:161] [basehttp:log_message] [INFO]- "GET /static/skin/default/skin.css HTTP/1.1" 200 1346
[2022-06-10 16:31:16,729] [basehttp.py:161] [basehttp:log_message] [INFO]- "GET /static/css/style.css HTTP/1.1" 200 986
[2022-06-10 16:31:16,730] [basehttp.py:161] [basehttp:log_message] [INFO]- "GET /static/lib/Hui-iconfont/1.0.8/iconfont.css HTTP/1.1" 200 16591
[2022-06-10 16:31:16,749] [basehttp.py:161] [basehttp:log_message] [INFO]- "GET /static/js/H-ui.admin.js HTTP/1.1" 200 8665
[2022-06-10 16:31:16,751] [basehttp.py:161] [basehttp:log_message] [INFO]- "GET /static/lib/layer/2.4/layer.js HTTP/1.1" 200 19843
[2022-06-10 16:31:16,753] [basehttp.py:161] [basehttp:log_message] [INFO]- "GET /static/lib/jquery/1.9.1/jquery.min.js HTTP/1.1" 200 92629
[2022-06-10 16:31:16,753] [basehttp.py:161] [basehttp:log_message] [INFO]- "GET /static/css/H-ui.min.css HTTP/1.1" 200 174715
[2022-06-10 16:31:16,760] [basehttp.py:161] [basehttp:log_message] [INFO]- "GET /static/js/H-ui.min.js HTTP/1.1" 200 151664
[2022-06-10 16:31:16,763] [basehttp.py:161] [basehttp:log_message] [INFO]- "GET /static/lib/My97DatePicker/4.8/WdatePicker.js HTTP/1.1" 200 10179
[2022-06-10 16:31:16,765] [basehttp.py:161] [basehttp:log_message] [INFO]- "GET /static/lib/laypage/1.2/laypage.js HTTP/1.1" 200 3672
[2022-06-10 16:31:16,815] [basehttp.py:161] [basehttp:log_message] [INFO]- "GET /static/lib/Hui-iconfont/1.0.8/iconfont.woff HTTP/1.1" 200 80688
[2022-06-10 16:31:16,820] [basehttp.py:161] [basehttp:log_message] [INFO]- "GET /welcome/ HTTP/1.1" 200 5182
[2022-06-10 16:31:16,858] [basehttp.py:161] [basehttp:log_message] [INFO]- "GET /static/lib/layer/2.4/skin/layer.css HTTP/1.1" 200 14042
[2022-06-10 16:31:16,869] [basehttp.py:161] [basehttp:log_message] [INFO]- "GET /static/lib/My97DatePicker/4.8/skin/WdatePicker.css HTTP/1.1" 200 144
[2022-06-10 16:31:16,899] [basehttp.py:161] [basehttp:log_message] [INFO]- "GET /static/lib/Hui-iconfont/1.0.8/iconfont.css HTTP/1.1" 200 16591
[2022-06-10 16:31:16,899] [basehttp.py:161] [basehttp:log_message] [WARNING]- "GET /static/css/style.cssstatic/ HTTP/1.1" 404 1487
[2022-06-10 16:31:16,900] [basehttp.py:161] [basehttp:log_message] [INFO]- "GET /static/css/H-ui.admin.css HTTP/1.1" 200 7241
[2022-06-10 16:31:16,900] [basehttp.py:161] [basehttp:log_message] [INFO]- "GET /static/skin/default/skin.css HTTP/1.1" 200 1346
[2022-06-10 16:31:16,906] [basehttp.py:161] [basehttp:log_message] [INFO]- "GET /static/lib/jquery/1.9.1/jquery.min.js HTTP/1.1" 200 92629
[2022-06-10 16:31:16,910] [basehttp.py:161] [basehttp:log_message] [INFO]- "GET /static/js/H-ui.min.js HTTP/1.1" 200 151664
[2022-06-10 16:31:16,915] [basehttp.py:161] [basehttp:log_message] [INFO]- "GET /static/css/H-ui.min.css HTTP/1.1" 200 174715
[2022-06-10 16:31:16,922] [basehttp.py:161] [basehttp:log_message] [INFO]- "GET /static/lib/My97DatePicker/4.8/skin/datePicker.gif HTTP/1.1" 200 1043
[2022-06-10 16:31:16,971] [basehttp.py:161] [basehttp:log_message] [INFO]- "GET /media/temp/favicon.ico HTTP/1.1" 200 1406
[2022-06-10 16:33:27,355] [basehttp.py:161] [basehttp:log_message] [INFO]- "GET / HTTP/1.1" 200 11983
[2022-06-10 16:33:27,406] [basehttp.py:161] [basehttp:log_message] [INFO]- "GET /static/css/H-ui.admin.css HTTP/1.1" 200 7241
[2022-06-10 16:33:27,423] [basehttp.py:161] [basehttp:log_message] [INFO]- "GET /static/css/H-ui.min.css HTTP/1.1" 200 174715
[2022-06-10 16:33:27,424] [basehttp.py:161] [basehttp:log_message] [INFO]- "GET /static/skin/default/skin.css HTTP/1.1" 200 1346
[2022-06-10 16:33:27,431] [basehttp.py:161] [basehttp:log_message] [INFO]- "GET /static/lib/layer/2.4/layer.js HTTP/1.1" 200 19843
[2022-06-10 16:33:27,432] [basehttp.py:161] [basehttp:log_message] [INFO]- "GET /static/lib/Hui-iconfont/1.0.8/iconfont.css HTTP/1.1" 200 16591
[2022-06-10 16:33:27,432] [basehttp.py:161] [basehttp:log_message] [INFO]- "GET /static/css/style.css HTTP/1.1" 200 986
[2022-06-10 16:33:27,435] [basehttp.py:161] [basehttp:log_message] [INFO]- "GET /static/lib/jquery/1.9.1/jquery.min.js HTTP/1.1" 200 92629
[2022-06-10 16:33:27,455] [basehttp.py:161] [basehttp:log_message] [INFO]- "GET /static/lib/jquery.contextmenu/jquery.contextmenu.r2.js HTTP/1.1" 200 4298
[2022-06-10 16:33:27,456] [basehttp.py:161] [basehttp:log_message] [INFO]- "GET /static/js/H-ui.admin.js HTTP/1.1" 200 8665
[2022-06-10 16:33:27,461] [basehttp.py:161] [basehttp:log_message] [INFO]- "GET /static/js/H-ui.min.js HTTP/1.1" 200 151664
[2022-06-10 16:33:27,501] [basehttp.py:161] [basehttp:log_message] [INFO]- "GET /static/skin/default/icon_arrow.png HTTP/1.1" 200 3287
[2022-06-10 16:33:27,502] [basehttp.py:161] [basehttp:log_message] [INFO]- "GET /static/images/acrossTab/acrossTab-2.png HTTP/1.1" 200 20175
[2022-06-10 16:33:27,505] [basehttp.py:161] [basehttp:log_message] [INFO]- "GET /static/lib/Hui-iconfont/1.0.8/iconfont.woff HTTP/1.1" 200 80688
[2022-06-10 16:33:27,519] [basehttp.py:161] [basehttp:log_message] [INFO]- "GET /static/lib/layer/2.4/skin/layer.css HTTP/1.1" 200 14042
[2022-06-10 16:33:29,132] [basehttp.py:161] [basehttp:log_message] [INFO]- "GET /static/images/acrossTab/acrossTab-close.png HTTP/1.1" 200 1541
[2022-06-10 16:33:29,140] [basehttp.py:161] [basehttp:log_message] [INFO]- "GET /weijue/unfinish HTTP/1.1" 301 0
[2022-06-10 16:33:29,142] [basehttp.py:161] [basehttp:log_message] [INFO]- "GET /static/images/loading.gif HTTP/1.1" 200 8476
[2022-06-10 16:33:29,732] [basehttp.py:161] [basehttp:log_message] [INFO]- "GET /weijue/unfinish/ HTTP/1.1" 200 17933
[2022-06-10 16:33:29,766] [basehttp.py:161] [basehttp:log_message] [INFO]- "GET /static/css/style.css HTTP/1.1" 200 986
[2022-06-10 16:33:29,766] [basehttp.py:161] [basehttp:log_message] [INFO]- "GET /static/css/H-ui.admin.css HTTP/1.1" 200 7241
[2022-06-10 16:33:29,767] [basehttp.py:161] [basehttp:log_message] [INFO]- "GET /static/lib/Hui-iconfont/1.0.8/iconfont.css HTTP/1.1" 200 16591
[2022-06-10 16:33:29,768] [basehttp.py:161] [basehttp:log_message] [INFO]- "GET /static/skin/default/skin.css HTTP/1.1" 200 1346
[2022-06-10 16:33:29,784] [basehttp.py:161] [basehttp:log_message] [INFO]- "GET /static/css/H-ui.min.css HTTP/1.1" 200 174715
[2022-06-10 16:33:29,787] [basehttp.py:161] [basehttp:log_message] [INFO]- "GET /static/lib/layer/2.4/layer.js HTTP/1.1" 200 19843
[2022-06-10 16:33:29,791] [basehttp.py:161] [basehttp:log_message] [INFO]- "GET /static/js/H-ui.admin.js HTTP/1.1" 200 8665
[2022-06-10 16:33:29,796] [basehttp.py:161] [basehttp:log_message] [INFO]- "GET /static/lib/My97DatePicker/4.8/WdatePicker.js HTTP/1.1" 200 10179
[2022-06-10 16:33:29,796] [basehttp.py:161] [basehttp:log_message] [INFO]- "GET /static/lib/jquery/1.9.1/jquery.min.js HTTP/1.1" 200 92629
[2022-06-10 16:33:29,799] [basehttp.py:161] [basehttp:log_message] [INFO]- "GET /static/lib/laypage/1.2/laypage.js HTTP/1.1" 200 3672
[2022-06-10 16:33:29,800] [basehttp.py:161] [basehttp:log_message] [INFO]- "GET /static/js/H-ui.min.js HTTP/1.1" 200 151664
[2022-06-10 16:33:29,834] [basehttp.py:161] [basehttp:log_message] [INFO]- "GET /static/lib/Hui-iconfont/1.0.8/iconfont.woff HTTP/1.1" 200 80688
[2022-06-10 16:33:29,854] [basehttp.py:161] [basehttp:log_message] [INFO]- "GET /static/lib/layer/2.4/skin/layer.css HTTP/1.1" 200 14042
[2022-06-10 16:33:29,867] [basehttp.py:161] [basehttp:log_message] [INFO]- "GET /static/lib/My97DatePicker/4.8/skin/WdatePicker.css HTTP/1.1" 200 144
[2022-06-10 16:33:29,904] [basehttp.py:161] [basehttp:log_message] [INFO]- "GET /static/lib/My97DatePicker/4.8/skin/datePicker.gif HTTP/1.1" 200 1043
[2022-06-10 16:33:30,395] [basehttp.py:161] [basehttp:log_message] [INFO]- "GET /welcome/ HTTP/1.1" 200 5182
[2022-06-10 16:33:30,428] [basehttp.py:161] [basehttp:log_message] [INFO]- "GET /static/css/H-ui.admin.css HTTP/1.1" 200 7241
[2022-06-10 16:33:30,429] [basehttp.py:161] [basehttp:log_message] [WARNING]- "GET /static/css/style.cssstatic/ HTTP/1.1" 404 1487
[2022-06-10 16:33:30,433] [basehttp.py:161] [basehttp:log_message] [INFO]- "GET /static/skin/default/skin.css HTTP/1.1" 200 1346
[2022-06-10 16:33:30,434] [basehttp.py:161] [basehttp:log_message] [INFO]- "GET /static/lib/Hui-iconfont/1.0.8/iconfont.css HTTP/1.1" 200 16591
[2022-06-10 16:33:30,438] [basehttp.py:161] [basehttp:log_message] [INFO]- "GET /static/lib/jquery/1.9.1/jquery.min.js HTTP/1.1" 200 92629
[2022-06-10 16:33:30,442] [basehttp.py:161] [basehttp:log_message] [INFO]- "GET /static/css/H-ui.min.css HTTP/1.1" 200 174715
[2022-06-10 16:33:30,443] [basehttp.py:161] [basehttp:log_message] [INFO]- "GET /static/js/H-ui.min.js HTTP/1.1" 200 151664
[2022-06-10 16:33:30,494] [basehttp.py:161] [basehttp:log_message] [INFO]- "GET /weijue/finish HTTP/1.1" 301 0
[2022-06-10 16:33:31,366] [basehttp.py:161] [basehttp:log_message] [INFO]- "GET /weijue/finish/ HTTP/1.1" 200 14753
[2022-06-10 16:33:31,389] [basehttp.py:161] [basehttp:log_message] [INFO]- "GET /static/css/H-ui.admin.css HTTP/1.1" 200 7241
[2022-06-10 16:33:31,407] [basehttp.py:161] [basehttp:log_message] [INFO]- "GET /static/skin/default/skin.css HTTP/1.1" 200 1346
[2022-06-10 16:33:31,408] [basehttp.py:161] [basehttp:log_message] [INFO]- "GET /static/css/style.css HTTP/1.1" 200 986
[2022-06-10 16:33:31,408] [basehttp.py:161] [basehttp:log_message] [INFO]- "GET /static/lib/Hui-iconfont/1.0.8/iconfont.css HTTP/1.1" 200 16591
[2022-06-10 16:33:31,410] [basehttp.py:161] [basehttp:log_message] [INFO]- "GET /static/lib/layer/2.4/layer.js HTTP/1.1" 200 19843
[2022-06-10 16:33:31,412] [basehttp.py:161] [basehttp:log_message] [INFO]- "GET /static/lib/jquery/1.9.1/jquery.min.js HTTP/1.1" 200 92629
[2022-06-10 16:33:31,413] [basehttp.py:161] [basehttp:log_message] [INFO]- "GET /static/css/H-ui.min.css HTTP/1.1" 200 174715
[2022-06-10 16:33:31,423] [basehttp.py:161] [basehttp:log_message] [INFO]- "GET /static/js/H-ui.admin.js HTTP/1.1" 200 8665
[2022-06-10 16:33:31,430] [basehttp.py:161] [basehttp:log_message] [INFO]- "GET /static/lib/laypage/1.2/laypage.js HTTP/1.1" 200 3672
[2022-06-10 16:33:31,431] [basehttp.py:161] [basehttp:log_message] [INFO]- "GET /static/lib/My97DatePicker/4.8/WdatePicker.js HTTP/1.1" 200 10179
[2022-06-10 16:33:31,434] [basehttp.py:161] [basehttp:log_message] [INFO]- "GET /static/js/H-ui.min.js HTTP/1.1" 200 151664
[2022-06-10 16:33:31,474] [basehttp.py:161] [basehttp:log_message] [INFO]- "GET /static/lib/Hui-iconfont/1.0.8/iconfont.woff HTTP/1.1" 200 80688
[2022-06-10 16:33:31,511] [basehttp.py:161] [basehttp:log_message] [INFO]- "GET /static/lib/layer/2.4/skin/layer.css HTTP/1.1" 200 14042
[2022-06-10 16:33:31,520] [basehttp.py:161] [basehttp:log_message] [INFO]- "GET /static/lib/My97DatePicker/4.8/skin/WdatePicker.css HTTP/1.1" 200 144
[2022-06-10 16:33:31,542] [basehttp.py:161] [basehttp:log_message] [INFO]- "GET /media/temp/favicon.ico HTTP/1.1" 200 1406
[2022-06-10 16:33:31,544] [basehttp.py:161] [basehttp:log_message] [INFO]- "GET /static/lib/My97DatePicker/4.8/skin/datePicker.gif HTTP/1.1" 200 1043
[2022-06-10 16:35:01,245] [basehttp.py:161] [basehttp:log_message] [INFO]- "GET /weijue/unfinish/ HTTP/1.1" 200 17933
[2022-06-10 16:35:01,708] [basehttp.py:161] [basehttp:log_message] [INFO]- "GET /weijue/finish/ HTTP/1.1" 200 14750
[2022-06-10 16:35:05,807] [basehttp.py:161] [basehttp:log_message] [WARNING]- "GET /static/css/style.cssstatic/ HTTP/1.1" 404 1487
[2022-06-10 16:35:32,025] [basehttp.py:161] [basehttp:log_message] [INFO]- "GET / HTTP/1.1" 200 11983
[2022-06-10 16:35:32,078] [basehttp.py:161] [basehttp:log_message] [INFO]- "GET /static/css/H-ui.min.css HTTP/1.1" 200 174715
[2022-06-10 16:35:32,106] [basehttp.py:161] [basehttp:log_message] [INFO]- "GET /static/css/H-ui.admin.css HTTP/1.1" 200 7241
[2022-06-10 16:35:32,111] [basehttp.py:161] [basehttp:log_message] [INFO]- "GET /static/lib/Hui-iconfont/1.0.8/iconfont.css HTTP/1.1" 200 16591
[2022-06-10 16:35:32,111] [basehttp.py:161] [basehttp:log_message] [INFO]- "GET /static/skin/default/skin.css HTTP/1.1" 200 1346
[2022-06-10 16:35:32,118] [basehttp.py:161] [basehttp:log_message] [INFO]- "GET /static/css/style.css HTTP/1.1" 200 986
[2022-06-10 16:35:32,128] [basehttp.py:161] [basehttp:log_message] [INFO]- "GET /static/lib/layer/2.4/layer.js HTTP/1.1" 200 19843
[2022-06-10 16:35:32,131] [basehttp.py:161] [basehttp:log_message] [INFO]- "GET /static/js/H-ui.admin.js HTTP/1.1" 200 8665
[2022-06-10 16:35:32,138] [basehttp.py:161] [basehttp:log_message] [INFO]- "GET /static/js/H-ui.min.js HTTP/1.1" 200 151664
[2022-06-10 16:35:32,144] [basehttp.py:161] [basehttp:log_message] [INFO]- "GET /static/lib/jquery/1.9.1/jquery.min.js HTTP/1.1" 200 92629
[2022-06-10 16:35:32,146] [basehttp.py:161] [basehttp:log_message] [INFO]- "GET /static/lib/jquery.contextmenu/jquery.contextmenu.r2.js HTTP/1.1" 200 4298
[2022-06-10 16:35:32,163] [basehttp.py:161] [basehttp:log_message] [INFO]- "GET /static/skin/default/icon_arrow.png HTTP/1.1" 200 3287
[2022-06-10 16:35:32,164] [basehttp.py:161] [basehttp:log_message] [INFO]- "GET /static/images/acrossTab/acrossTab-2.png HTTP/1.1" 200 20175
[2022-06-10 16:35:32,167] [basehttp.py:161] [basehttp:log_message] [INFO]- "GET /static/lib/Hui-iconfont/1.0.8/iconfont.woff HTTP/1.1" 200 80688
[2022-06-10 16:35:32,228] [basehttp.py:161] [basehttp:log_message] [INFO]- "GET /static/lib/layer/2.4/skin/layer.css HTTP/1.1" 200 14042
[2022-06-10 16:35:34,908] [basehttp.py:161] [basehttp:log_message] [INFO]- "GET /welcome/ HTTP/1.1" 200 5182
[2022-06-10 16:35:34,940] [basehttp.py:161] [basehttp:log_message] [INFO]- "GET /static/skin/default/skin.css HTTP/1.1" 200 1346
[2022-06-10 16:35:34,942] [basehttp.py:161] [basehttp:log_message] [INFO]- "GET /static/css/H-ui.admin.css HTTP/1.1" 200 7241
[2022-06-10 16:35:34,942] [basehttp.py:161] [basehttp:log_message] [WARNING]- "GET /static/css/style.cssstatic/ HTTP/1.1" 404 1487
[2022-06-10 16:35:34,943] [basehttp.py:161] [basehttp:log_message] [INFO]- "GET /static/lib/Hui-iconfont/1.0.8/iconfont.css HTTP/1.1" 200 16591
[2022-06-10 16:35:34,946] [basehttp.py:161] [basehttp:log_message] [INFO]- "GET /static/lib/jquery/1.9.1/jquery.min.js HTTP/1.1" 200 92629
[2022-06-10 16:35:34,963] [basehttp.py:161] [basehttp:log_message] [INFO]- "GET /static/css/H-ui.min.css HTTP/1.1" 200 174715
[2022-06-10 16:35:34,966] [basehttp.py:161] [basehttp:log_message] [INFO]- "GET /static/js/H-ui.min.js HTTP/1.1" 200 151664
[2022-06-10 16:35:35,039] [basehttp.py:161] [basehttp:log_message] [INFO]- "GET /media/temp/favicon.ico HTTP/1.1" 200 1406
[2022-06-10 16:35:38,105] [basehttp.py:161] [basehttp:log_message] [INFO]- "GET /grp/finish/ HTTP/1.1" 200 13487
[2022-06-10 16:35:46,553] [basehttp.py:161] [basehttp:log_message] [INFO]- "GET /weijue/finish/ HTTP/1.1" 200 18451
[2022-06-10 16:35:59,224] [basehttp.py:161] [basehttp:log_message] [INFO]- "GET / HTTP/1.1" 200 11983
[2022-06-10 16:35:59,283] [basehttp.py:161] [basehttp:log_message] [INFO]- "GET /static/css/H-ui.admin.css HTTP/1.1" 200 7241
[2022-06-10 16:35:59,289] [basehttp.py:161] [basehttp:log_message] [INFO]- "GET /static/css/H-ui.min.css HTTP/1.1" 200 174715
[2022-06-10 16:35:59,318] [basehttp.py:161] [basehttp:log_message] [INFO]- "GET /static/lib/layer/2.4/layer.js HTTP/1.1" 200 19843
[2022-06-10 16:35:59,321] [basehttp.py:161] [basehttp:log_message] [INFO]- "GET /static/skin/default/skin.css HTTP/1.1" 200 1346
[2022-06-10 16:35:59,322] [basehttp.py:161] [basehttp:log_message] [INFO]- "GET /static/lib/Hui-iconfont/1.0.8/iconfont.css HTTP/1.1" 200 16591
[2022-06-10 16:35:59,322] [basehttp.py:161] [basehttp:log_message] [INFO]- "GET /static/css/style.css HTTP/1.1" 200 986
[2022-06-10 16:35:59,326] [basehttp.py:161] [basehttp:log_message] [INFO]- "GET /static/lib/jquery/1.9.1/jquery.min.js HTTP/1.1" 200 92629
[2022-06-10 16:35:59,341] [basehttp.py:161] [basehttp:log_message] [INFO]- "GET /static/lib/jquery.contextmenu/jquery.contextmenu.r2.js HTTP/1.1" 200 4298
[2022-06-10 16:35:59,344] [basehttp.py:161] [basehttp:log_message] [INFO]- "GET /static/js/H-ui.min.js HTTP/1.1" 200 151664
[2022-06-10 16:35:59,348] [basehttp.py:161] [basehttp:log_message] [INFO]- "GET /static/js/H-ui.admin.js HTTP/1.1" 200 8665
[2022-06-10 16:35:59,371] [basehttp.py:161] [basehttp:log_message] [INFO]- "GET /static/skin/default/icon_arrow.png HTTP/1.1" 200 3287
[2022-06-10 16:35:59,372] [basehttp.py:161] [basehttp:log_message] [INFO]- "GET /static/images/acrossTab/acrossTab-2.png HTTP/1.1" 200 20175
[2022-06-10 16:35:59,374] [basehttp.py:161] [basehttp:log_message] [INFO]- "GET /static/lib/Hui-iconfont/1.0.8/iconfont.woff HTTP/1.1" 200 80688
[2022-06-10 16:35:59,473] [basehttp.py:161] [basehttp:log_message] [INFO]- "GET /static/lib/layer/2.4/skin/layer.css HTTP/1.1" 200 14042
[2022-06-10 16:36:02,316] [basehttp.py:161] [basehttp:log_message] [INFO]- "GET /welcome/ HTTP/1.1" 200 5182
[2022-06-10 16:36:02,346] [basehttp.py:161] [basehttp:log_message] [INFO]- "GET /static/css/H-ui.admin.css HTTP/1.1" 200 7241
[2022-06-10 16:36:02,364] [basehttp.py:161] [basehttp:log_message] [INFO]- "GET /static/skin/default/skin.css HTTP/1.1" 200 1346
[2022-06-10 16:36:02,368] [basehttp.py:161] [basehttp:log_message] [INFO]- "GET /static/lib/Hui-iconfont/1.0.8/iconfont.css HTTP/1.1" 200 16591
[2022-06-10 16:36:02,369] [basehttp.py:161] [basehttp:log_message] [INFO]- "GET /static/css/H-ui.min.css HTTP/1.1" 200 174715
[2022-06-10 16:36:02,370] [basehttp.py:161] [basehttp:log_message] [WARNING]- "GET /static/css/style.cssstatic/ HTTP/1.1" 404 1487
[2022-06-10 16:36:02,373] [basehttp.py:161] [basehttp:log_message] [INFO]- "GET /static/lib/jquery/1.9.1/jquery.min.js HTTP/1.1" 200 92629
[2022-06-10 16:36:02,375] [basehttp.py:161] [basehttp:log_message] [INFO]- "GET /static/js/H-ui.min.js HTTP/1.1" 200 151664
[2022-06-10 16:36:02,477] [basehttp.py:161] [basehttp:log_message] [INFO]- "GET /media/temp/favicon.ico HTTP/1.1" 200 1406
[2022-06-10 16:36:28,999] [basehttp.py:161] [basehttp:log_message] [INFO]- "GET /weijue/finish/ HTTP/1.1" 200 14750
[2022-06-10 16:37:00,298] [autoreload.py:637] [autoreload:run_with_reloader] [INFO]- Watching for file changes with StatReloader
[2022-06-10 16:37:15,149] [basehttp.py:161] [basehttp:log_message] [INFO]- "GET / HTTP/1.1" 200 11983
[2022-06-10 16:37:17,893] [basehttp.py:161] [basehttp:log_message] [INFO]- "GET /weijue/finish/ HTTP/1.1" 200 14750
[2022-06-10 16:37:18,268] [basehttp.py:161] [basehttp:log_message] [INFO]- "GET /welcome/ HTTP/1.1" 200 5182
[2022-06-10 16:37:18,293] [basehttp.py:161] [basehttp:log_message] [WARNING]- "GET /static/css/style.cssstatic/ HTTP/1.1" 404 1487
[2022-06-10 16:38:51,462] [basehttp.py:161] [basehttp:log_message] [INFO]- "GET / HTTP/1.1" 200 11983
[2022-06-10 16:38:51,510] [basehttp.py:161] [basehttp:log_message] [INFO]- "GET /static/css/H-ui.admin.css HTTP/1.1" 200 7241
[2022-06-10 16:38:51,520] [basehttp.py:161] [basehttp:log_message] [INFO]- "GET /static/lib/Hui-iconfont/1.0.8/iconfont.css HTTP/1.1" 200 16591
[2022-06-10 16:38:51,521] [basehttp.py:161] [basehttp:log_message] [INFO]- "GET /static/skin/default/skin.css HTTP/1.1" 200 1346
[2022-06-10 16:38:51,521] [basehttp.py:161] [basehttp:log_message] [INFO]- "GET /static/css/style.css HTTP/1.1" 200 986
[2022-06-10 16:38:51,534] [basehttp.py:161] [basehttp:log_message] [INFO]- "GET /static/js/H-ui.admin.js HTTP/1.1" 200 8665
[2022-06-10 16:38:51,536] [basehttp.py:161] [basehttp:log_message] [INFO]- "GET /static/css/H-ui.min.css HTTP/1.1" 200 174715
[2022-06-10 16:38:51,538] [basehttp.py:161] [basehttp:log_message] [INFO]- "GET /static/lib/layer/2.4/layer.js HTTP/1.1" 200 19843
[2022-06-10 16:38:51,541] [basehttp.py:161] [basehttp:log_message] [INFO]- "GET /static/lib/jquery/1.9.1/jquery.min.js HTTP/1.1" 200 92629
[2022-06-10 16:38:51,547] [basehttp.py:161] [basehttp:log_message] [INFO]- "GET /static/lib/jquery.contextmenu/jquery.contextmenu.r2.js HTTP/1.1" 200 4298
[2022-06-10 16:38:51,550] [basehttp.py:161] [basehttp:log_message] [INFO]- "GET /static/js/H-ui.min.js HTTP/1.1" 200 151664
[2022-06-10 16:38:51,577] [basehttp.py:161] [basehttp:log_message] [INFO]- "GET /static/skin/default/icon_arrow.png HTTP/1.1" 200 3287
[2022-06-10 16:38:51,577] [basehttp.py:161] [basehttp:log_message] [INFO]- "GET /static/images/acrossTab/acrossTab-2.png HTTP/1.1" 200 20175
[2022-06-10 16:38:51,581] [basehttp.py:161] [basehttp:log_message] [INFO]- "GET /static/lib/Hui-iconfont/1.0.8/iconfont.woff HTTP/1.1" 200 80688
[2022-06-10 16:38:51,597] [basehttp.py:161] [basehttp:log_message] [INFO]- "GET /static/lib/layer/2.4/skin/layer.css HTTP/1.1" 200 14042
[2022-06-10 16:38:54,200] [basehttp.py:161] [basehttp:log_message] [INFO]- "GET /static/images/acrossTab/acrossTab-close.png HTTP/1.1" 200 1541
[2022-06-10 16:38:54,207] [basehttp.py:161] [basehttp:log_message] [INFO]- "GET /weijue/finish HTTP/1.1" 301 0
[2022-06-10 16:38:54,214] [basehttp.py:161] [basehttp:log_message] [INFO]- "GET /static/images/loading.gif HTTP/1.1" 200 8476
[2022-06-10 16:38:54,464] [basehttp.py:161] [basehttp:log_message] [INFO]- "GET /welcome/ HTTP/1.1" 200 5182
[2022-06-10 16:38:54,493] [basehttp.py:161] [basehttp:log_message] [INFO]- "GET /static/css/H-ui.admin.css HTTP/1.1" 200 7241
[2022-06-10 16:38:54,495] [basehttp.py:161] [basehttp:log_message] [INFO]- "GET /static/lib/Hui-iconfont/1.0.8/iconfont.css HTTP/1.1" 200 16591
[2022-06-10 16:38:54,513] [basehttp.py:161] [basehttp:log_message] [INFO]- "GET /static/lib/jquery/1.9.1/jquery.min.js HTTP/1.1" 200 92629
[2022-06-10 16:38:54,515] [basehttp.py:161] [basehttp:log_message] [INFO]- "GET /static/css/H-ui.min.css HTTP/1.1" 200 174715
[2022-06-10 16:38:54,516] [basehttp.py:161] [basehttp:log_message] [WARNING]- "GET /static/css/style.cssstatic/ HTTP/1.1" 404 1487
[2022-06-10 16:38:54,517] [basehttp.py:161] [basehttp:log_message] [INFO]- "GET /static/skin/default/skin.css HTTP/1.1" 200 1346
[2022-06-10 16:38:54,519] [basehttp.py:161] [basehttp:log_message] [INFO]- "GET /static/js/H-ui.min.js HTTP/1.1" 200 151664
[2022-06-10 16:38:54,767] [basehttp.py:161] [basehttp:log_message] [INFO]- "GET /weijue/finish/ HTTP/1.1" 200 14785
[2022-06-10 16:38:54,810] [basehttp.py:161] [basehttp:log_message] [INFO]- "GET /static/css/style.css HTTP/1.1" 200 986
[2022-06-10 16:38:54,812] [basehttp.py:161] [basehttp:log_message] [INFO]- "GET /static/lib/Hui-iconfont/1.0.8/iconfont.css HTTP/1.1" 200 16591
[2022-06-10 16:38:54,813] [basehttp.py:161] [basehttp:log_message] [INFO]- "GET /static/css/H-ui.admin.css HTTP/1.1" 200 7241
[2022-06-10 16:38:54,813] [basehttp.py:161] [basehttp:log_message] [INFO]- "GET /static/skin/default/skin.css HTTP/1.1" 200 1346
[2022-06-10 16:38:54,815] [basehttp.py:161] [basehttp:log_message] [INFO]- "GET /static/lib/jquery/1.9.1/jquery.min.js HTTP/1.1" 200 92629
[2022-06-10 16:38:54,823] [basehttp.py:161] [basehttp:log_message] [INFO]- "GET /static/css/H-ui.min.css HTTP/1.1" 200 174715
[2022-06-10 16:38:54,825] [basehttp.py:161] [basehttp:log_message] [INFO]- "GET /static/lib/layer/2.4/layer.js HTTP/1.1" 200 19843
[2022-06-10 16:38:54,831] [basehttp.py:161] [basehttp:log_message] [INFO]- "GET /static/js/H-ui.admin.js HTTP/1.1" 200 8665
[2022-06-10 16:38:54,836] [basehttp.py:161] [basehttp:log_message] [INFO]- "GET /static/js/H-ui.min.js HTTP/1.1" 200 151664
[2022-06-10 16:38:54,842] [basehttp.py:161] [basehttp:log_message] [INFO]- "GET /static/lib/My97DatePicker/4.8/WdatePicker.js HTTP/1.1" 200 10179
[2022-06-10 16:38:54,852] [basehttp.py:161] [basehttp:log_message] [INFO]- "GET /static/lib/laypage/1.2/laypage.js HTTP/1.1" 200 3672
[2022-06-10 16:38:54,865] [basehttp.py:161] [basehttp:log_message] [INFO]- "GET /static/lib/Hui-iconfont/1.0.8/iconfont.woff HTTP/1.1" 200 80688
[2022-06-10 16:38:54,919] [basehttp.py:161] [basehttp:log_message] [INFO]- "GET /static/lib/layer/2.4/skin/layer.css HTTP/1.1" 200 14042
[2022-06-10 16:38:54,944] [basehttp.py:161] [basehttp:log_message] [INFO]- "GET /static/lib/My97DatePicker/4.8/skin/WdatePicker.css HTTP/1.1" 200 144
[2022-06-10 16:38:54,967] [basehttp.py:161] [basehttp:log_message] [INFO]- "GET /static/lib/My97DatePicker/4.8/skin/datePicker.gif HTTP/1.1" 200 1043
[2022-06-10 16:38:54,979] [basehttp.py:161] [basehttp:log_message] [INFO]- "GET /media/temp/favicon.ico HTTP/1.1" 200 1406
[2022-06-10 16:40:16,452] [basehttp.py:161] [basehttp:log_message] [INFO]- "GET / HTTP/1.1" 200 11983
[2022-06-10 16:40:16,497] [basehttp.py:161] [basehttp:log_message] [INFO]- "GET /static/css/H-ui.admin.css HTTP/1.1" 200 7241
[2022-06-10 16:40:16,500] [basehttp.py:161] [basehttp:log_message] [INFO]- "GET /static/css/H-ui.min.css HTTP/1.1" 200 174715
[2022-06-10 16:40:16,516] [basehttp.py:161] [basehttp:log_message] [INFO]- "GET /static/lib/layer/2.4/layer.js HTTP/1.1" 200 19843
[2022-06-10 16:40:16,531] [basehttp.py:161] [basehttp:log_message] [INFO]- "GET /static/lib/Hui-iconfont/1.0.8/iconfont.css HTTP/1.1" 200 16591
[2022-06-10 16:40:16,535] [basehttp.py:161] [basehttp:log_message] [INFO]- "GET /static/skin/default/skin.css HTTP/1.1" 200 1346
[2022-06-10 16:40:16,542] [basehttp.py:161] [basehttp:log_message] [INFO]- "GET /static/css/style.css HTTP/1.1" 200 986
[2022-06-10 16:40:16,547] [basehttp.py:161] [basehttp:log_message] [INFO]- "GET /static/js/H-ui.admin.js HTTP/1.1" 200 8665
[2022-06-10 16:40:16,552] [basehttp.py:161] [basehttp:log_message] [INFO]- "GET /static/lib/jquery.contextmenu/jquery.contextmenu.r2.js HTTP/1.1" 200 4298
[2022-06-10 16:40:16,553] [basehttp.py:161] [basehttp:log_message] [INFO]- "GET /static/js/H-ui.min.js HTTP/1.1" 200 151664
[2022-06-10 16:40:16,558] [basehttp.py:161] [basehttp:log_message] [INFO]- "GET /static/lib/jquery/1.9.1/jquery.min.js HTTP/1.1" 200 92629
[2022-06-10 16:40:16,581] [basehttp.py:161] [basehttp:log_message] [INFO]- "GET /static/images/acrossTab/acrossTab-2.png HTTP/1.1" 200 20175
[2022-06-10 16:40:16,583] [basehttp.py:161] [basehttp:log_message] [INFO]- "GET /static/skin/default/icon_arrow.png HTTP/1.1" 200 3287
[2022-06-10 16:40:16,585] [basehttp.py:161] [basehttp:log_message] [INFO]- "GET /static/lib/Hui-iconfont/1.0.8/iconfont.woff HTTP/1.1" 200 80688
[2022-06-10 16:40:16,606] [basehttp.py:161] [basehttp:log_message] [INFO]- "GET /static/lib/layer/2.4/skin/layer.css HTTP/1.1" 200 14042
[2022-06-10 16:40:18,174] [basehttp.py:161] [basehttp:log_message] [INFO]- "GET /static/images/acrossTab/acrossTab-close.png HTTP/1.1" 200 1541
[2022-06-10 16:40:18,184] [basehttp.py:161] [basehttp:log_message] [INFO]- "GET /weijue/unfinish HTTP/1.1" 301 0
[2022-06-10 16:40:18,185] [basehttp.py:161] [basehttp:log_message] [INFO]- "GET /static/images/loading.gif HTTP/1.1" 200 8476
[2022-06-10 16:40:18,614] [basehttp.py:161] [basehttp:log_message] [INFO]- "GET /weijue/finish HTTP/1.1" 301 0
[2022-06-10 16:40:18,743] [basehttp.py:161] [basehttp:log_message] [INFO]- "GET /weijue/unfinish/ HTTP/1.1" 200 17933
[2022-06-10 16:40:18,774] [basehttp.py:161] [basehttp:log_message] [INFO]- "GET /static/css/H-ui.admin.css HTTP/1.1" 200 7241
[2022-06-10 16:40:18,774] [basehttp.py:161] [basehttp:log_message] [INFO]- "GET /static/skin/default/skin.css HTTP/1.1" 200 1346
[2022-06-10 16:40:18,775] [basehttp.py:161] [basehttp:log_message] [INFO]- "GET /static/lib/Hui-iconfont/1.0.8/iconfont.css HTTP/1.1" 200 16591
[2022-06-10 16:40:18,787] [basehttp.py:161] [basehttp:log_message] [INFO]- "GET /static/lib/layer/2.4/layer.js HTTP/1.1" 200 19843
[2022-06-10 16:40:18,789] [basehttp.py:161] [basehttp:log_message] [INFO]- "GET /static/lib/jquery/1.9.1/jquery.min.js HTTP/1.1" 200 92629
[2022-06-10 16:40:18,791] [basehttp.py:161] [basehttp:log_message] [INFO]- "GET /static/css/style.css HTTP/1.1" 200 986
[2022-06-10 16:40:18,794] [basehttp.py:161] [basehttp:log_message] [INFO]- "GET /static/css/H-ui.min.css HTTP/1.1" 200 174715
[2022-06-10 16:40:18,802] [basehttp.py:161] [basehttp:log_message] [INFO]- "GET /static/js/H-ui.admin.js HTTP/1.1" 200 8665
[2022-06-10 16:40:18,812] [basehttp.py:161] [basehttp:log_message] [INFO]- "GET /static/lib/laypage/1.2/laypage.js HTTP/1.1" 200 3672
[2022-06-10 16:40:18,814] [basehttp.py:161] [basehttp:log_message] [INFO]- "GET /static/lib/My97DatePicker/4.8/WdatePicker.js HTTP/1.1" 200 10179
[2022-06-10 16:40:18,815] [basehttp.py:161] [basehttp:log_message] [INFO]- "GET /static/js/H-ui.min.js HTTP/1.1" 200 151664
[2022-06-10 16:40:18,839] [basehttp.py:161] [basehttp:log_message] [INFO]- "GET /static/lib/layer/2.4/skin/layer.css HTTP/1.1" 200 14042
[2022-06-10 16:40:18,849] [basehttp.py:161] [basehttp:log_message] [INFO]- "GET /static/lib/My97DatePicker/4.8/skin/WdatePicker.css HTTP/1.1" 200 144
[2022-06-10 16:40:19,170] [basehttp.py:161] [basehttp:log_message] [INFO]- "GET /weijue/finish/ HTTP/1.1" 200 14718
[2022-06-10 16:40:19,204] [basehttp.py:161] [basehttp:log_message] [INFO]- "GET /static/css/style.css HTTP/1.1" 200 986
[2022-06-10 16:40:19,204] [basehttp.py:161] [basehttp:log_message] [INFO]- "GET /static/css/H-ui.admin.css HTTP/1.1" 200 7241
[2022-06-10 16:40:19,206] [basehttp.py:161] [basehttp:log_message] [INFO]- "GET /static/lib/Hui-iconfont/1.0.8/iconfont.css HTTP/1.1" 200 16591
[2022-06-10 16:40:19,206] [basehttp.py:161] [basehttp:log_message] [INFO]- "GET /static/skin/default/skin.css HTTP/1.1" 200 1346
[2022-06-10 16:40:19,225] [basehttp.py:161] [basehttp:log_message] [INFO]- "GET /static/lib/layer/2.4/layer.js HTTP/1.1" 200 19843
[2022-06-10 16:40:19,226] [basehttp.py:161] [basehttp:log_message] [INFO]- "GET /static/js/H-ui.admin.js HTTP/1.1" 200 8665
[2022-06-10 16:40:19,227] [basehttp.py:161] [basehttp:log_message] [INFO]- "GET /static/lib/jquery/1.9.1/jquery.min.js HTTP/1.1" 200 92629
[2022-06-10 16:40:19,229] [basehttp.py:161] [basehttp:log_message] [INFO]- "GET /static/js/H-ui.min.js HTTP/1.1" 200 151664
[2022-06-10 16:40:19,234] [basehttp.py:161] [basehttp:log_message] [INFO]- "GET /static/lib/My97DatePicker/4.8/WdatePicker.js HTTP/1.1" 200 10179
[2022-06-10 16:40:19,235] [basehttp.py:161] [basehttp:log_message] [INFO]- "GET /static/css/H-ui.min.css HTTP/1.1" 200 174715
[2022-06-10 16:40:19,244] [basehttp.py:161] [basehttp:log_message] [INFO]- "GET /static/lib/laypage/1.2/laypage.js HTTP/1.1" 200 3672
[2022-06-10 16:40:19,246] [basehttp.py:161] [basehttp:log_message] [INFO]- "GET /static/lib/Hui-iconfont/1.0.8/iconfont.woff HTTP/1.1" 200 80688
[2022-06-10 16:40:19,311] [basehttp.py:161] [basehttp:log_message] [INFO]- "GET /static/lib/layer/2.4/skin/layer.css HTTP/1.1" 200 14042
[2022-06-10 16:40:19,320] [basehttp.py:161] [basehttp:log_message] [INFO]- "GET /welcome/ HTTP/1.1" 200 5182
[2022-06-10 16:40:19,322] [basehttp.py:161] [basehttp:log_message] [INFO]- "GET /static/lib/My97DatePicker/4.8/skin/WdatePicker.css HTTP/1.1" 200 144
[2022-06-10 16:40:19,352] [basehttp.py:161] [basehttp:log_message] [INFO]- "GET /static/css/H-ui.admin.css HTTP/1.1" 200 7241
[2022-06-10 16:40:19,371] [basehttp.py:161] [basehttp:log_message] [WARNING]- "GET /static/css/style.cssstatic/ HTTP/1.1" 404 1487
[2022-06-10 16:40:19,373] [basehttp.py:161] [basehttp:log_message] [INFO]- "GET /static/skin/default/skin.css HTTP/1.1" 200 1346
[2022-06-10 16:40:19,377] [basehttp.py:161] [basehttp:log_message] [INFO]- "GET /static/lib/Hui-iconfont/1.0.8/iconfont.css HTTP/1.1" 200 16591
[2022-06-10 16:40:19,379] [basehttp.py:161] [basehttp:log_message] [INFO]- "GET /static/css/H-ui.min.css HTTP/1.1" 200 174715
[2022-06-10 16:40:19,380] [basehttp.py:161] [basehttp:log_message] [INFO]- "GET /static/js/H-ui.min.js HTTP/1.1" 200 151664
[2022-06-10 16:40:19,387] [basehttp.py:161] [basehttp:log_message] [INFO]- "GET /static/lib/My97DatePicker/4.8/skin/datePicker.gif HTTP/1.1" 200 1043
[2022-06-10 16:40:19,391] [basehttp.py:161] [basehttp:log_message] [INFO]- "GET /static/lib/jquery/1.9.1/jquery.min.js HTTP/1.1" 200 92629
[2022-06-10 16:40:19,430] [basehttp.py:161] [basehttp:log_message] [INFO]- "GET /media/temp/favicon.ico HTTP/1.1" 200 1406
[2022-06-10 16:42:10,867] [basehttp.py:161] [basehttp:log_message] [INFO]- "GET /xadmin/t/wj_unfinish/ HTTP/1.1" 200 133252
[2022-06-10 16:42:10,920] [basehttp.py:161] [basehttp:log_message] [INFO]- "GET /static/xadmin/css/themes/bootstrap-xadmin.css HTTP/1.1" 304 0
[2022-06-10 16:42:10,921] [basehttp.py:161] [basehttp:log_message] [INFO]- "GET /static/xadmin/vendor/bootstrap/css/bootstrap.min.css HTTP/1.1" 304 0
[2022-06-10 16:42:10,981] [basehttp.py:161] [basehttp:log_message] [INFO]- "GET /static/xadmin/css/xadmin.plugin.importexport.css HTTP/1.1" 304 0
[2022-06-10 16:42:10,982] [basehttp.py:161] [basehttp:log_message] [INFO]- "GET /static/xadmin/vendor/font-awesome/css/font-awesome.min.css HTTP/1.1" 304 0
[2022-06-10 16:42:10,983] [basehttp.py:161] [basehttp:log_message] [INFO]- "GET /static/xadmin/css/xadmin.plugins.css HTTP/1.1" 304 0
[2022-06-10 16:42:10,983] [basehttp.py:161] [basehttp:log_message] [INFO]- "GET /static/xadmin/vendor/jquery/jquery.min.js HTTP/1.1" 304 0
[2022-06-10 16:42:10,983] [basehttp.py:161] [basehttp:log_message] [INFO]- "GET /static/xadmin/css/xadmin.main.css HTTP/1.1" 304 0
[2022-06-10 16:42:10,995] [basehttp.py:161] [basehttp:log_message] [INFO]- "GET /static/xadmin/css/xadmin.responsive.css HTTP/1.1" 304 0
[2022-06-10 16:42:11,005] [basehttp.py:161] [basehttp:log_message] [INFO]- "GET /static/xadmin/vendor/jquery-ui/jquery.ui.widget.min.js HTTP/1.1" 304 0
[2022-06-10 16:42:11,010] [basehttp.py:161] [basehttp:log_message] [INFO]- "GET /static/xadmin/vendor/jquery-ui/jquery.ui.core.min.js HTTP/1.1" 304 0
[2022-06-10 16:42:11,011] [basehttp.py:161] [basehttp:log_message] [INFO]- "GET /static/xadmin/vendor/jquery-ui/jquery.ui.mouse.min.js HTTP/1.1" 304 0
[2022-06-10 16:42:11,021] [basehttp.py:161] [basehttp:log_message] [INFO]- "GET /static/xadmin/vendor/jquery-ui/jquery.ui.sortable.min.js HTTP/1.1" 304 0
[2022-06-10 16:42:11,028] [basehttp.py:161] [basehttp:log_message] [INFO]- "GET /static/xadmin/vendor/jquery-ui/jquery.ui.effect.min.js HTTP/1.1" 304 0
[2022-06-10 16:42:11,029] [basehttp.py:161] [basehttp:log_message] [INFO]- "GET /static/xadmin/vendor/bootstrap/js/bootstrap.min.js HTTP/1.1" 304 0
[2022-06-10 16:42:11,031] [basehttp.py:161] [basehttp:log_message] [INFO]- "GET /static/xadmin/js/xadmin.main.js HTTP/1.1" 304 0
[2022-06-10 16:42:11,056] [basehttp.py:161] [basehttp:log_message] [INFO]- "GET /static/xadmin/js/xadmin.responsive.js HTTP/1.1" 304 0
[2022-06-10 16:42:11,063] [basehttp.py:161] [basehttp:log_message] [INFO]- "GET /static/xadmin/js/xadmin.plugin.themes.js HTTP/1.1" 304 0
[2022-06-10 16:42:11,393] [basehttp.py:161] [basehttp:log_message] [INFO]- "GET /xadmin/jsi18n/ HTTP/1.1" 200 9527
[2022-06-10 16:42:11,439] [basehttp.py:161] [basehttp:log_message] [INFO]- "GET /static/xadmin/vendor/font-awesome/fonts/fontawesome-webfont.woff2?v=4.7.0 HTTP/1.1" 304 0
[2022-06-10 16:42:11,555] [basehttp.py:161] [basehttp:log_message] [INFO]- "GET /static/xadmin/vendor/bootstrap/fonts/glyphicons-halflings-regular.woff2 HTTP/1.1" 304 0
[2022-06-10 16:42:11,612] [basehttp.py:161] [basehttp:log_message] [WARNING]- "GET /favicon.ico HTTP/1.1" 404 1487
[2022-06-10 16:42:19,444] [basehttp.py:161] [basehttp:log_message] [INFO]- "GET /weijue/finish/ HTTP/1.1" 200 14718
[2022-06-10 16:42:35,632] [basehttp.py:161] [basehttp:log_message] [INFO]- "GET /weijue/finish/ HTTP/1.1" 200 14718
[2022-06-10 16:43:13,070] [basehttp.py:161] [basehttp:log_message] [INFO]- "GET /weijue/finish/?page=3 HTTP/1.1" 200 6909
[2022-06-10 16:43:14,981] [basehttp.py:161] [basehttp:log_message] [INFO]- "GET /weijue/finish/?page=1 HTTP/1.1" 200 14718
[2022-06-10 16:47:08,953] [basehttp.py:161] [basehttp:log_message] [INFO]- "GET / HTTP/1.1" 200 11983
[2022-06-10 16:47:09,013] [basehttp.py:161] [basehttp:log_message] [INFO]- "GET /static/css/H-ui.admin.css HTTP/1.1" 200 7241
[2022-06-10 16:47:09,014] [basehttp.py:161] [basehttp:log_message] [INFO]- "GET /static/skin/default/skin.css HTTP/1.1" 200 1346
[2022-06-10 16:47:09,015] [basehttp.py:161] [basehttp:log_message] [INFO]- "GET /static/lib/Hui-iconfont/1.0.8/iconfont.css HTTP/1.1" 200 16591
[2022-06-10 16:47:09,019] [basehttp.py:161] [basehttp:log_message] [INFO]- "GET /static/css/style.css HTTP/1.1" 200 986
[2022-06-10 16:47:09,036] [basehttp.py:161] [basehttp:log_message] [INFO]- "GET /static/css/H-ui.min.css HTTP/1.1" 200 174715
[2022-06-10 16:47:09,044] [basehttp.py:161] [basehttp:log_message] [INFO]- "GET /static/lib/jquery.contextmenu/jquery.contextmenu.r2.js HTTP/1.1" 200 4298
[2022-06-10 16:47:09,045] [basehttp.py:161] [basehttp:log_message] [INFO]- "GET /static/lib/layer/2.4/layer.js HTTP/1.1" 200 19843
[2022-06-10 16:47:09,045] [basehttp.py:161] [basehttp:log_message] [INFO]- "GET /static/js/H-ui.admin.js HTTP/1.1" 200 8665
[2022-06-10 16:47:09,046] [basehttp.py:161] [basehttp:log_message] [INFO]- "GET /static/lib/jquery/1.9.1/jquery.min.js HTTP/1.1" 200 92629
[2022-06-10 16:47:09,053] [basehttp.py:161] [basehttp:log_message] [INFO]- "GET /static/js/H-ui.min.js HTTP/1.1" 200 151664
[2022-06-10 16:47:09,089] [basehttp.py:161] [basehttp:log_message] [INFO]- "GET /static/images/acrossTab/acrossTab-2.png HTTP/1.1" 200 20175
[2022-06-10 16:47:09,096] [basehttp.py:161] [basehttp:log_message] [INFO]- "GET /static/skin/default/icon_arrow.png HTTP/1.1" 200 3287
[2022-06-10 16:47:09,097] [basehttp.py:161] [basehttp:log_message] [INFO]- "GET /static/lib/Hui-iconfont/1.0.8/iconfont.woff HTTP/1.1" 200 80688
[2022-06-10 16:47:09,098] [basehttp.py:161] [basehttp:log_message] [INFO]- "GET /static/lib/layer/2.4/skin/layer.css HTTP/1.1" 200 14042
[2022-06-10 16:47:10,757] [basehttp.py:161] [basehttp:log_message] [INFO]- "GET /static/images/acrossTab/acrossTab-close.png HTTP/1.1" 200 1541
[2022-06-10 16:47:10,766] [basehttp.py:161] [basehttp:log_message] [INFO]- "GET /weijue/finish HTTP/1.1" 301 0
[2022-06-10 16:47:10,767] [basehttp.py:161] [basehttp:log_message] [INFO]- "GET /static/images/loading.gif HTTP/1.1" 200 8476
[2022-06-10 16:47:11,416] [basehttp.py:161] [basehttp:log_message] [INFO]- "GET /weijue/finish/ HTTP/1.1" 200 14728
[2022-06-10 16:47:11,447] [basehttp.py:161] [basehttp:log_message] [INFO]- "GET /static/css/H-ui.admin.css HTTP/1.1" 200 7241
[2022-06-10 16:47:11,452] [basehttp.py:161] [basehttp:log_message] [INFO]- "GET /static/skin/default/skin.css HTTP/1.1" 200 1346
[2022-06-10 16:47:11,453] [basehttp.py:161] [basehttp:log_message] [INFO]- "GET /static/css/style.css HTTP/1.1" 200 986
[2022-06-10 16:47:11,455] [basehttp.py:161] [basehttp:log_message] [INFO]- "GET /static/lib/Hui-iconfont/1.0.8/iconfont.css HTTP/1.1" 200 16591
[2022-06-10 16:47:11,469] [basehttp.py:161] [basehttp:log_message] [INFO]- "GET /static/css/H-ui.min.css HTTP/1.1" 200 174715
[2022-06-10 16:47:11,470] [basehttp.py:161] [basehttp:log_message] [INFO]- "GET /static/lib/jquery/1.9.1/jquery.min.js HTTP/1.1" 200 92629
[2022-06-10 16:47:11,470] [basehttp.py:161] [basehttp:log_message] [INFO]- "GET /static/lib/layer/2.4/layer.js HTTP/1.1" 200 19843
[2022-06-10 16:47:11,471] [basehttp.py:161] [basehttp:log_message] [INFO]- "GET /static/js/H-ui.admin.js HTTP/1.1" 200 8665
[2022-06-10 16:47:11,480] [basehttp.py:161] [basehttp:log_message] [INFO]- "GET /static/lib/My97DatePicker/4.8/WdatePicker.js HTTP/1.1" 200 10179
[2022-06-10 16:47:11,481] [basehttp.py:161] [basehttp:log_message] [INFO]- "GET /static/lib/laypage/1.2/laypage.js HTTP/1.1" 200 3672
[2022-06-10 16:47:11,483] [basehttp.py:161] [basehttp:log_message] [INFO]- "GET /static/js/H-ui.min.js HTTP/1.1" 200 151664
[2022-06-10 16:47:11,496] [basehttp.py:161] [basehttp:log_message] [INFO]- "GET /static/lib/Hui-iconfont/1.0.8/iconfont.woff HTTP/1.1" 200 80688
[2022-06-10 16:47:11,550] [basehttp.py:161] [basehttp:log_message] [INFO]- "GET /static/lib/layer/2.4/skin/layer.css HTTP/1.1" 200 14042
[2022-06-10 16:47:11,562] [basehttp.py:161] [basehttp:log_message] [INFO]- "GET /static/lib/My97DatePicker/4.8/skin/WdatePicker.css HTTP/1.1" 200 144
[2022-06-10 16:47:11,576] [basehttp.py:161] [basehttp:log_message] [INFO]- "GET /static/lib/My97DatePicker/4.8/skin/datePicker.gif HTTP/1.1" 200 1043
[2022-06-10 16:47:12,074] [basehttp.py:161] [basehttp:log_message] [INFO]- "GET /welcome/ HTTP/1.1" 200 5182
[2022-06-10 16:47:12,104] [basehttp.py:161] [basehttp:log_message] [INFO]- "GET /static/lib/Hui-iconfont/1.0.8/iconfont.css HTTP/1.1" 200 16591
[2022-06-10 16:47:12,105] [basehttp.py:161] [basehttp:log_message] [INFO]- "GET /static/css/H-ui.admin.css HTTP/1.1" 200 7241
[2022-06-10 16:47:12,105] [basehttp.py:161] [basehttp:log_message] [INFO]- "GET /static/skin/default/skin.css HTTP/1.1" 200 1346
[2022-06-10 16:47:12,106] [basehttp.py:161] [basehttp:log_message] [WARNING]- "GET /static/css/style.cssstatic/ HTTP/1.1" 404 1487
[2022-06-10 16:47:12,109] [basehttp.py:161] [basehttp:log_message] [INFO]- "GET /static/lib/jquery/1.9.1/jquery.min.js HTTP/1.1" 200 92629
[2022-06-10 16:47:12,113] [basehttp.py:161] [basehttp:log_message] [INFO]- "GET /static/css/H-ui.min.css HTTP/1.1" 200 174715
[2022-06-10 16:47:12,124] [basehttp.py:161] [basehttp:log_message] [INFO]- "GET /static/js/H-ui.min.js HTTP/1.1" 200 151664
[2022-06-10 16:47:12,164] [basehttp.py:161] [basehttp:log_message] [INFO]- "GET /media/temp/favicon.ico HTTP/1.1" 200 1406
[2022-06-10 16:47:12,376] [basehttp.py:161] [basehttp:log_message] [INFO]- "GET /media/t_sound_record/WJ122323586.txt HTTP/1.1" 304 0
[2022-06-10 16:47:26,031] [basehttp.py:161] [basehttp:log_message] [INFO]- "GET /weijue/unfinish/ HTTP/1.1" 200 17933
[2022-06-10 16:47:27,070] [basehttp.py:161] [basehttp:log_message] [INFO]- "GET /weijue/upload/WJ122323586 HTTP/1.1" 200 4130
[2022-06-10 16:47:27,105] [basehttp.py:161] [basehttp:log_message] [INFO]- "GET /static/js/locales/zh.js HTTP/1.1" 304 0
[2022-06-10 16:47:30,075] [basehttp.py:161] [basehttp:log_message] [INFO]- "GET /weijue/finish/ HTTP/1.1" 200 14728
[2022-06-10 16:47:34,333] [basehttp.py:161] [basehttp:log_message] [ERROR]- "GET /grp/unfinish/ HTTP/1.1" 500 1488
[2022-06-10 16:47:38,402] [basehttp.py:161] [basehttp:log_message] [ERROR]- "GET /grp/unfinish/ HTTP/1.1" 500 1488
[2022-06-10 16:47:39,616] [basehttp.py:75] [basehttp:handle_error] [INFO]- - Broken pipe from ('127.0.0.1', 54769)

[2022-06-10 16:47:47,657] [basehttp.py:161] [basehttp:log_message] [INFO]- "GET /weijue/unfinish/ HTTP/1.1" 200 17933
[2022-06-10 16:47:58,672] [basehttp.py:161] [basehttp:log_message] [INFO]- "GET /weijue/upload/WJ122323586 HTTP/1.1" 200 4130
[2022-06-10 16:49:59,613] [basehttp.py:161] [basehttp:log_message] [ERROR]- "POST /weijue/upload/WJ122323586 HTTP/1.1" 500 1488
[2022-06-10 16:50:11,814] [basehttp.py:161] [basehttp:log_message] [INFO]- "POST /weijue/upload/WJ122323586 HTTP/1.1" 200 42
[2022-06-10 16:50:21,676] [basehttp.py:161] [basehttp:log_message] [INFO]- "GET /weijue/finish/ HTTP/1.1" 200 14728
[2022-06-10 16:50:37,150] [basehttp.py:161] [basehttp:log_message] [ERROR]- "GET /grp/unfinish/ HTTP/1.1" 500 1488
[2022-06-10 16:51:11,353] [basehttp.py:161] [basehttp:log_message] [INFO]- "GET /xadmin/t/wj_finish/WJ122323567/update/ HTTP/1.1" 200 30787
[2022-06-10 16:51:11,385] [basehttp.py:161] [basehttp:log_message] [INFO]- "GET /static/xadmin/vendor/select2/css/select2.min.css HTTP/1.1" 304 0
[2022-06-10 16:51:11,441] [basehttp.py:161] [basehttp:log_message] [INFO]- "GET /static/xadmin/js/xadmin.plugin.portal.js HTTP/1.1" 304 0
[2022-06-10 16:51:11,441] [basehttp.py:161] [basehttp:log_message] [INFO]- "GET /static/xadmin/vendor/selectize/js/selectize.min.js HTTP/1.1" 304 0
[2022-06-10 16:51:11,457] [basehttp.py:161] [basehttp:log_message] [INFO]- "GET /static/xadmin/vendor/select2/js/select2.min.js HTTP/1.1" 304 0
[2022-06-10 16:51:11,825] [basehttp.py:161] [basehttp:log_message] [INFO]- "GET /xadmin/jsi18n/ HTTP/1.1" 200 9527
[2022-06-10 16:51:12,001] [basehttp.py:161] [basehttp:log_message] [WARNING]- "GET /favicon.ico HTTP/1.1" 404 1487
[2022-06-10 16:52:15,648] [basehttp.py:161] [basehttp:log_message] [WARNING]- "GET /wsxwsxwsx HTTP/1.1" 404 1487
[2022-06-10 16:53:03,097] [basehttp.py:161] [basehttp:log_message] [ERROR]- "GET /grp/unfinish/ HTTP/1.1" 500 1488
[2022-06-10 16:53:04,463] [basehttp.py:161] [basehttp:log_message] [INFO]- "GET /welcome/ HTTP/1.1" 200 5182
[2022-06-10 16:53:04,479] [basehttp.py:161] [basehttp:log_message] [WARNING]- "GET /static/css/style.cssstatic/ HTTP/1.1" 404 1487
[2022-06-10 16:53:19,502] [basehttp.py:161] [basehttp:log_message] [INFO]- "GET /weijue/unfinish/ HTTP/1.1" 200 17933
[2022-06-10 16:53:19,894] [basehttp.py:161] [basehttp:log_message] [INFO]- "GET /weijue/finish/ HTTP/1.1" 200 14728
[2022-06-10 16:54:34,407] [basehttp.py:161] [basehttp:log_message] [ERROR]- "GET /weijue/unfinish/ HTTP/1.1" 500 1488
[2022-06-10 16:54:36,183] [basehttp.py:161] [basehttp:log_message] [ERROR]- "GET /weijue/unfinish/ HTTP/1.1" 500 1488
[2022-06-10 16:54:36,969] [basehttp.py:161] [basehttp:log_message] [ERROR]- "GET /weijue/unfinish/ HTTP/1.1" 500 1488
[2022-06-10 16:54:37,167] [basehttp.py:161] [basehttp:log_message] [ERROR]- "GET /weijue/unfinish/ HTTP/1.1" 500 1488
[2022-06-10 16:54:38,280] [basehttp.py:161] [basehttp:log_message] [ERROR]- "GET /weijue/unfinish/ HTTP/1.1" 500 1488
[2022-06-10 16:54:38,483] [basehttp.py:161] [basehttp:log_message] [ERROR]- "GET /weijue/unfinish/ HTTP/1.1" 500 1488
[2022-06-10 16:54:38,667] [basehttp.py:161] [basehttp:log_message] [ERROR]- "GET /weijue/unfinish/ HTTP/1.1" 500 1488
[2022-06-10 16:54:39,833] [basehttp.py:161] [basehttp:log_message] [ERROR]- "GET /weijue/finish/ HTTP/1.1" 500 1488
[2022-06-10 16:54:40,250] [basehttp.py:161] [basehttp:log_message] [ERROR]- "GET /weijue/unfinish/ HTTP/1.1" 500 1488
[2022-06-10 16:54:41,381] [basehttp.py:161] [basehttp:log_message] [ERROR]- "GET / HTTP/1.1" 500 1488
[2022-06-10 16:54:42,233] [basehttp.py:161] [basehttp:log_message] [ERROR]- "GET / HTTP/1.1" 500 1488
[2022-06-10 16:54:46,064] [basehttp.py:161] [basehttp:log_message] [ERROR]- "GET / HTTP/1.1" 500 1488
[2022-06-10 16:54:52,268] [basehttp.py:161] [basehttp:log_message] [ERROR]- "GET / HTTP/1.1" 500 1488
[2022-06-10 16:54:52,294] [basehttp.py:161] [basehttp:log_message] [INFO]- "GET /static/lib/Hui-iconfont/1.0.8/iconfont.css HTTP/1.1" 200 16591
[2022-06-10 16:54:52,296] [basehttp.py:161] [basehttp:log_message] [INFO]- "GET /static/css/H-ui.admin.css HTTP/1.1" 200 7241
[2022-06-10 16:54:52,301] [basehttp.py:161] [basehttp:log_message] [INFO]- "GET /static/css/H-ui.min.css HTTP/1.1" 200 174715
[2022-06-10 16:54:52,319] [basehttp.py:161] [basehttp:log_message] [INFO]- "GET /static/lib/Hui-iconfont/1.0.8/iconfont.woff HTTP/1.1" 200 80688
[2022-06-10 16:54:52,326] [basehttp.py:161] [basehttp:log_message] [WARNING]- "GET /favicon.ico HTTP/1.1" 404 1487
[2022-06-10 16:54:54,106] [basehttp.py:161] [basehttp:log_message] [ERROR]- "GET / HTTP/1.1" 500 1488
[2022-06-10 16:55:05,317] [basehttp.py:161] [basehttp:log_message] [ERROR]- "GET / HTTP/1.1" 500 1488
[2022-06-10 16:55:08,818] [basehttp.py:161] [basehttp:log_message] [ERROR]- "GET / HTTP/1.1" 500 1488
[2022-06-10 16:55:11,594] [basehttp.py:161] [basehttp:log_message] [ERROR]- "GET / HTTP/1.1" 500 1488
[2022-06-10 16:55:14,495] [basehttp.py:161] [basehttp:log_message] [ERROR]- "GET / HTTP/1.1" 500 1488
[2022-06-10 16:55:14,697] [basehttp.py:161] [basehttp:log_message] [ERROR]- "GET / HTTP/1.1" 500 1488
[2022-06-10 16:55:14,850] [basehttp.py:161] [basehttp:log_message] [ERROR]- "GET / HTTP/1.1" 500 1488
[2022-06-10 16:55:15,008] [basehttp.py:161] [basehttp:log_message] [ERROR]- "GET / HTTP/1.1" 500 1488
[2022-06-10 16:55:15,185] [basehttp.py:161] [basehttp:log_message] [ERROR]- "GET / HTTP/1.1" 500 1488
[2022-06-10 16:55:15,369] [basehttp.py:161] [basehttp:log_message] [ERROR]- "GET / HTTP/1.1" 500 1488
[2022-06-10 16:55:15,569] [basehttp.py:161] [basehttp:log_message] [ERROR]- "GET / HTTP/1.1" 500 1488
[2022-06-10 16:55:15,770] [basehttp.py:161] [basehttp:log_message] [ERROR]- "GET / HTTP/1.1" 500 1488
[2022-06-10 16:55:15,940] [basehttp.py:161] [basehttp:log_message] [ERROR]- "GET / HTTP/1.1" 500 1488
[2022-06-10 16:55:16,144] [basehttp.py:161] [basehttp:log_message] [ERROR]- "GET / HTTP/1.1" 500 1488
[2022-06-10 16:55:16,553] [basehttp.py:161] [basehttp:log_message] [ERROR]- "GET / HTTP/1.1" 500 1488
[2022-06-10 16:55:18,854] [basehttp.py:161] [basehttp:log_message] [ERROR]- "GET /welcome/ HTTP/1.1" 500 1488
[2022-06-10 16:55:23,713] [basehttp.py:161] [basehttp:log_message] [ERROR]- "GET / HTTP/1.1" 500 1488
[2022-06-10 16:55:24,725] [basehttp.py:161] [basehttp:log_message] [ERROR]- "GET / HTTP/1.1" 500 1488
[2022-06-10 16:55:25,600] [basehttp.py:161] [basehttp:log_message] [ERROR]- "GET / HTTP/1.1" 500 1488
[2022-06-10 16:55:26,159] [basehttp.py:161] [basehttp:log_message] [ERROR]- "GET / HTTP/1.1" 500 1488
[2022-06-10 16:56:05,968] [autoreload.py:251] [autoreload:trigger_reload] [INFO]- D:\ZYLDataWeb\t_plat\core\settings.py changed, reloading.
